INFO 2025-11-27 20:28:26,484 Event added: NOTE by JD for prescription 1
INFO 2025-11-27 20:28:26,486 Dashboard accessed - 1 prescriptions
INFO 2025-11-27 20:29:02,559 Dashboard accessed - 2 prescriptions
INFO 2025-11-27 20:31:50,770 Dashboard accessed - 2 prescriptions
INFO 2025-11-27 20:34:04,406 Event added: INS by Sanjana for prescription 4
INFO 2025-11-27 20:34:06,178 Dashboard accessed - 2 prescriptions
INFO 2025-11-27 20:34:36,418 Event added: STATUS by Sanjana for prescription 3
INFO 2025-11-27 20:34:38,237 Dashboard accessed - 2 prescriptions
INFO 2025-11-27 20:34:44,902 Dashboard accessed - 2 prescriptions
INFO 2025-11-27 20:35:30,113 Dashboard accessed - 2 prescriptions
INFO 2025-11-27 20:36:47,920 Event added: NOTE by JD for prescription 1
INFO 2025-11-27 20:36:47,922 Dashboard accessed - 1 prescriptions
INFO 2025-11-27 20:54:48,060 Event added: NOTE by JD for prescription 1
INFO 2025-11-27 20:54:48,061 Dashboard accessed - 1 prescriptions
INFO 2025-11-27 20:55:09,525 Dashboard accessed - 2 prescriptions
INFO 2025-11-27 20:55:53,991 Event added: STATUS by Steve for prescription 3
INFO 2025-11-27 20:55:56,153 Dashboard accessed - 2 prescriptions
INFO 2025-11-27 21:04:17,874 Event added: NOTE by JD for prescription 1
INFO 2025-11-27 21:04:17,875 Dashboard accessed - 1 prescriptions
INFO 2025-11-27 21:04:40,945 Event added: NOTE by JD for prescription 1
INFO 2025-11-27 21:04:40,946 Dashboard accessed - 1 prescriptions
